TN:
SF:src\router.ts
FN:27,(anonymous_0)
FN:53,(anonymous_1)
FNF:2
FNH:2
FNDA:4,(anonymous_0)
FNDA:6,(anonymous_1)
DA:1,2
DA:2,2
DA:10,2
DA:11,2
DA:13,2
DA:17,2
DA:27,4
DA:33,2
DA:35,2
DA:42,2
DA:53,6
DA:62,2
DA:69,2
DA:76,2
LF:14
LH:14
BRF:0
BRH:0
end_of_record
TN:
SF:src\server.ts
FN:7,connectDB
FN:26,(anonymous_2)
FNF:2
FNH:2
FNDA:3,connectDB
FNDA:1,(anonymous_2)
DA:1,2
DA:2,2
DA:3,2
DA:4,2
DA:7,2
DA:8,3
DA:9,3
DA:10,2
DA:13,1
DA:17,2
DA:19,2
DA:22,2
DA:24,2
DA:26,2
DA:27,1
DA:30,2
LF:16
LH:16
BRF:0
BRH:0
end_of_record
TN:
SF:src\config\db.ts
FNF:0
FNH:0
DA:1,2
DA:2,2
DA:4,2
DA:6,2
DA:16,2
LF:5
LH:5
BRF:0
BRH:0
end_of_record
TN:
SF:src\handlers\product.ts
FN:4,(anonymous_1)
FN:15,(anonymous_2)
FN:26,(anonymous_3)
FN:42,(anonymous_4)
FN:64,(anonymous_5)
FN:89,(anonymous_6)
FNF:6
FNH:6
FNDA:1,(anonymous_1)
FNDA:1,(anonymous_2)
FNDA:3,(anonymous_3)
FNDA:2,(anonymous_4)
FNDA:2,(anonymous_5)
FNDA:2,(anonymous_6)
DA:2,2
DA:4,2
DA:5,1
DA:7,1
DA:9,1
DA:11,0
DA:15,2
DA:16,1
DA:17,1
DA:20,1
DA:22,0
DA:26,2
DA:27,3
DA:28,3
DA:29,3
DA:31,3
DA:32,2
DA:36,1
DA:38,0
DA:42,2
DA:43,2
DA:45,2
DA:46,2
DA:48,2
DA:49,1
DA:55,1
DA:56,1
DA:58,1
DA:60,0
DA:64,2
DA:68,2
DA:70,2
DA:71,2
DA:73,2
DA:74,1
DA:80,1
DA:81,1
DA:83,1
DA:85,0
DA:89,2
DA:93,2
DA:95,2
DA:96,2
DA:98,2
DA:99,1
DA:105,1
DA:107,1
DA:109,0
LF:48
LH:42
BRDA:31,0,0,2
BRDA:48,1,0,1
BRDA:73,2,0,1
BRDA:98,3,0,1
BRF:4
BRH:4
end_of_record
TN:
SF:src\middleware\index.ts
FN:4,(anonymous_0)
FNF:1
FNH:1
FNDA:20,(anonymous_0)
DA:2,2
DA:4,2
DA:10,20
DA:11,20
DA:12,10
DA:14,10
LF:6
LH:6
BRDA:11,0,0,10
BRF:1
BRH:1
end_of_record
TN:
SF:src\models\Product.model.ts
FNF:0
FNH:0
DA:1,3
DA:7,3
DA:11,3
DA:16,3
DA:22,3
DA:25,3
LF:6
LH:6
BRF:0
BRH:0
end_of_record
